2026-07-17 17:42:16,730 - INFO - __main__ - No existe metadata de modelo → se requiere reentrenamiento.
2026-07-17 17:42:16,731 - INFO - __main__ - Iniciando pipeline de datos …
2026-07-17 17:42:16,732 - INFO - DataPipeline.extraction - [sp500] Ejecución 2026-07-17T17:42:16 — descargando ^GSPC …
2026-07-17 17:42:20,255 - INFO - DataPipeline.validation - sp500: 202 día(s) hábil(es) sin dato (feriados de mercado u otros no-trading days).
2026-07-17 17:42:20,302 - INFO - DataPipeline.extraction - [sp500] Rango obtenido 2005-01-03 → 2026-07-17  (5,418 filas) → sp500_data_daily.csv
2026-07-17 17:42:20,303 - INFO - DataPipeline.extraction - [nq] Ejecución 2026-07-17T17:42:20 — descargando ^NDX …
2026-07-17 17:42:22,085 - INFO - DataPipeline.validation - nq: 202 día(s) hábil(es) sin dato (feriados de mercado u otros no-trading days).
2026-07-17 17:42:22,116 - INFO - DataPipeline.extraction - [nq] Rango obtenido 2005-01-03 → 2026-07-17  (5,418 filas) → nq_data_daily.csv
2026-07-17 17:42:22,117 - INFO - DataPipeline.extraction - [vix] Ejecución 2026-07-17T17:42:22 — descargando ^VIX …
2026-07-17 17:42:23,943 - INFO - DataPipeline.validation - vix: 201 día(s) hábil(es) sin dato (feriados de mercado u otros no-trading days).
2026-07-17 17:42:23,977 - INFO - DataPipeline.extraction - [vix] Rango obtenido 2005-01-03 → 2026-07-17  (5,419 filas) → vix_data_daily.csv
2026-07-17 17:42:23,977 - INFO - DataPipeline.extraction - [vxn] Ejecución 2026-07-17T17:42:23 — descargando ^VXN …
2026-07-17 17:42:25,988 - INFO - DataPipeline.validation - vxn: 202 día(s) hábil(es) sin dato (feriados de mercado u otros no-trading days).
2026-07-17 17:42:26,021 - INFO - DataPipeline.extraction - [vxn] Rango obtenido 2005-01-03 → 2026-07-17  (5,418 filas) → vxn_data_daily.csv
2026-07-17 17:42:26,022 - INFO - DataPipeline.preparation - [SP500] Iniciando preparación …
2026-07-17 17:42:26,045 - INFO - DataPipeline.preparation - Outliers en vix_high: 5,418 → 5,178 filas
2026-07-17 17:42:26,120 - INFO - DataPipeline.preparation - [SP500] Guardado → processed_sp500.csv  (shape (5167, 12))
2026-07-17 17:42:26,120 - INFO - DataPipeline.preparation - [NQ] Iniciando preparación …
2026-07-17 17:42:26,141 - INFO - DataPipeline.preparation - Outliers en vxn_high: 5,418 → 5,176 filas
2026-07-17 17:42:26,216 - INFO - DataPipeline.preparation - [NQ] Guardado → processed_nq.csv  (shape (5165, 12))
2026-07-17 17:42:26,216 - INFO - __main__ - Datasets preparados: ['sp500', 'nq']
2026-07-17 17:42:26,216 - INFO - __main__ - Pipeline de datos completado exitosamente.
2026-07-18 22:20:50,951 - INFO - __main__ - No existe metadata de modelo → se requiere reentrenamiento.
2026-07-18 22:20:50,951 - INFO - __main__ - Iniciando pipeline de datos …
2026-07-18 22:20:50,952 - INFO - DataPipeline.extraction - [sp500] Ejecución 2026-07-18T22:20:50 — descargando ^GSPC …
2026-07-18 22:20:54,894 - INFO - DataPipeline.validation - sp500: 202 día(s) hábil(es) sin dato (feriados de mercado u otros no-trading days).
2026-07-18 22:20:54,953 - INFO - DataPipeline.extraction - [sp500] Rango obtenido 2005-01-03 → 2026-07-17  (5,418 filas) → sp500_data_daily.csv
2026-07-18 22:20:54,954 - INFO - DataPipeline.extraction - [nq] Ejecución 2026-07-18T22:20:54 — descargando ^NDX …
2026-07-18 22:20:57,037 - INFO - DataPipeline.validation - nq: 202 día(s) hábil(es) sin dato (feriados de mercado u otros no-trading days).
2026-07-18 22:20:57,088 - INFO - DataPipeline.extraction - [nq] Rango obtenido 2005-01-03 → 2026-07-17  (5,418 filas) → nq_data_daily.csv
2026-07-18 22:20:57,089 - INFO - DataPipeline.extraction - [vix] Ejecución 2026-07-18T22:20:57 — descargando ^VIX …
2026-07-18 22:20:59,299 - INFO - DataPipeline.validation - vix: 201 día(s) hábil(es) sin dato (feriados de mercado u otros no-trading days).
2026-07-18 22:20:59,364 - INFO - DataPipeline.extraction - [vix] Rango obtenido 2005-01-03 → 2026-07-17  (5,419 filas) → vix_data_daily.csv
2026-07-18 22:20:59,365 - INFO - DataPipeline.extraction - [vxn] Ejecución 2026-07-18T22:20:59 — descargando ^VXN …
2026-07-18 22:21:01,354 - INFO - DataPipeline.validation - vxn: 202 día(s) hábil(es) sin dato (feriados de mercado u otros no-trading days).
2026-07-18 22:21:01,419 - INFO - DataPipeline.extraction - [vxn] Rango obtenido 2005-01-03 → 2026-07-17  (5,418 filas) → vxn_data_daily.csv
2026-07-18 22:21:01,420 - INFO - DataPipeline.preparation - [SP500] Iniciando preparación …
2026-07-18 22:21:01,438 - INFO - DataPipeline.preparation - Filtro de outliers desactivado. Pasando toda la data cruda al pipeline.
2026-07-18 22:21:01,522 - INFO - DataPipeline.preparation - [SP500] Guardado → processed_sp500.csv  (shape (5407, 12))
2026-07-18 22:21:01,522 - INFO - DataPipeline.preparation - [NQ] Iniciando preparación …
2026-07-18 22:21:01,539 - INFO - DataPipeline.preparation - Filtro de outliers desactivado. Pasando toda la data cruda al pipeline.
2026-07-18 22:21:01,622 - INFO - DataPipeline.preparation - [NQ] Guardado → processed_nq.csv  (shape (5407, 12))
2026-07-18 22:21:01,622 - INFO - __main__ - Datasets preparados: ['sp500', 'nq']
2026-07-18 22:21:01,622 - INFO - __main__ - Pipeline de datos completado exitosamente.
2026-07-20 13:04:57,308 - INFO - __main__ - No existe metadata de modelo → se requiere reentrenamiento.
2026-07-20 13:04:57,309 - INFO - __main__ - Iniciando pipeline de datos …
2026-07-20 13:04:57,310 - INFO - DataPipeline.extraction - [sp500] Ejecución 2026-07-20T13:04:57 — descargando ^GSPC …
2026-07-20 13:05:00,321 - INFO - DataPipeline.validation - sp500: 202 día(s) hábil(es) sin dato (feriados de mercado u otros no-trading days).
2026-07-20 13:05:00,392 - INFO - DataPipeline.extraction - [sp500] Rango obtenido 2005-01-03 → 2026-07-20  (5,419 filas) → sp500_data_daily.csv
2026-07-20 13:05:00,392 - INFO - DataPipeline.extraction - [nq] Ejecución 2026-07-20T13:05:00 — descargando ^NDX …
2026-07-20 13:05:02,169 - INFO - DataPipeline.validation - nq: 202 día(s) hábil(es) sin dato (feriados de mercado u otros no-trading days).
2026-07-20 13:05:02,236 - INFO - DataPipeline.extraction - [nq] Rango obtenido 2005-01-03 → 2026-07-20  (5,419 filas) → nq_data_daily.csv
2026-07-20 13:05:02,237 - INFO - DataPipeline.extraction - [vix] Ejecución 2026-07-20T13:05:02 — descargando ^VIX …
2026-07-20 13:05:04,306 - INFO - DataPipeline.validation - vix: 201 día(s) hábil(es) sin dato (feriados de mercado u otros no-trading days).
2026-07-20 13:05:04,375 - INFO - DataPipeline.extraction - [vix] Rango obtenido 2005-01-03 → 2026-07-20  (5,420 filas) → vix_data_daily.csv
2026-07-20 13:05:04,375 - INFO - DataPipeline.extraction - [vxn] Ejecución 2026-07-20T13:05:04 — descargando ^VXN …
2026-07-20 13:05:06,453 - INFO - DataPipeline.validation - vxn: 202 día(s) hábil(es) sin dato (feriados de mercado u otros no-trading days).
2026-07-20 13:05:06,522 - INFO - DataPipeline.extraction - [vxn] Rango obtenido 2005-01-03 → 2026-07-20  (5,419 filas) → vxn_data_daily.csv
2026-07-20 13:05:06,523 - INFO - DataPipeline.preparation - [SP500] Iniciando preparación …
2026-07-20 13:05:06,629 - INFO - DataPipeline.preparation - [SP500] Guardado → processed_sp500.csv  (shape (5408, 12))
2026-07-20 13:05:06,630 - INFO - DataPipeline.preparation - [NQ] Iniciando preparación …
2026-07-20 13:05:06,744 - INFO - DataPipeline.preparation - [NQ] Guardado → processed_nq.csv  (shape (5408, 12))
2026-07-20 13:05:06,744 - INFO - __main__ - Datasets preparados: ['sp500', 'nq']
2026-07-20 13:05:06,744 - INFO - __main__ - Pipeline de datos completado exitosamente.
2026-07-20 14:42:58,501 - INFO - DataPipeline.preparation - [SP500] Iniciando preparación …
2026-07-20 14:42:58,501 - ERROR - DataPipeline.preparation - [SP500] Archivo crudo faltante: /tmp/pytest-of-juan500/pytest-0/test_run_pipeline_missing_raw_0/raw/sp500_data_daily.csv. Se omite este dataset.
2026-07-20 14:42:58,502 - INFO - DataPipeline.preparation - [NQ] Iniciando preparación …
2026-07-20 14:42:58,502 - ERROR - DataPipeline.preparation - [NQ] Archivo crudo faltante: /tmp/pytest-of-juan500/pytest-0/test_run_pipeline_missing_raw_0/raw/nq_data_daily.csv. Se omite este dataset.
2026-07-20 14:42:58,511 - INFO - DataPipeline.preparation - [SP500] Iniciando preparación …
2026-07-20 14:42:58,529 - INFO - DataPipeline.preparation - [SP500] Guardado → processed_sp500.csv  (shape (29, 12))
2026-07-20 14:42:58,529 - INFO - DataPipeline.preparation - [NQ] Iniciando preparación …
2026-07-20 14:42:58,529 - ERROR - DataPipeline.preparation - [NQ] Archivo crudo faltante: /tmp/pytest-of-juan500/pytest-0/test_run_pipeline_produces_pro0/raw/nq_data_daily.csv. Se omite este dataset.
2026-07-20 14:42:58,538 - INFO - DataPipeline.preparation - [SP500] Iniciando preparación …
2026-07-20 14:42:58,553 - INFO - DataPipeline.preparation - [SP500] Guardado → processed_sp500.csv  (shape (29, 12))
2026-07-20 14:42:58,554 - INFO - DataPipeline.preparation - [NQ] Iniciando preparación …
2026-07-20 14:42:58,554 - ERROR - DataPipeline.preparation - [NQ] Archivo crudo faltante: /tmp/pytest-of-juan500/pytest-0/test_engineer_features_drops_r0/raw/nq_data_daily.csv. Se omite este dataset.
2026-07-20 14:42:58,575 - INFO - DataPipeline.preparation - [SP500] Iniciando preparación …
2026-07-20 14:42:58,591 - INFO - DataPipeline.preparation - [SP500] Guardado → processed_sp500.csv  (shape (29, 12))
2026-07-20 14:42:58,591 - INFO - DataPipeline.preparation - [NQ] Iniciando preparación …
2026-07-20 14:42:58,591 - ERROR - DataPipeline.preparation - [NQ] Archivo crudo faltante: /tmp/pytest-of-juan500/pytest-0/test_no_outlier_filtering_step0/raw/nq_data_daily.csv. Se omite este dataset.
2026-07-20 14:44:17,973 - INFO - DataPipeline.preparation - [SP500] Iniciando preparación …
2026-07-20 14:44:17,973 - ERROR - DataPipeline.preparation - [SP500] Archivo crudo faltante: /tmp/pytest-of-juan500/pytest-1/test_run_pipeline_missing_raw_0/raw/sp500_data_daily.csv. Se omite este dataset.
2026-07-20 14:44:17,973 - INFO - DataPipeline.preparation - [NQ] Iniciando preparación …
2026-07-20 14:44:17,973 - ERROR - DataPipeline.preparation - [NQ] Archivo crudo faltante: /tmp/pytest-of-juan500/pytest-1/test_run_pipeline_missing_raw_0/raw/nq_data_daily.csv. Se omite este dataset.
2026-07-20 14:44:17,983 - INFO - DataPipeline.preparation - [SP500] Iniciando preparación …
2026-07-20 14:44:18,001 - INFO - DataPipeline.preparation - [SP500] Guardado → processed_sp500.csv  (shape (29, 12))
2026-07-20 14:44:18,002 - INFO - DataPipeline.preparation - [NQ] Iniciando preparación …
2026-07-20 14:44:18,002 - ERROR - DataPipeline.preparation - [NQ] Archivo crudo faltante: /tmp/pytest-of-juan500/pytest-1/test_run_pipeline_produces_pro0/raw/nq_data_daily.csv. Se omite este dataset.
2026-07-20 14:44:18,010 - INFO - DataPipeline.preparation - [SP500] Iniciando preparación …
2026-07-20 14:44:18,026 - INFO - DataPipeline.preparation - [SP500] Guardado → processed_sp500.csv  (shape (29, 12))
2026-07-20 14:44:18,026 - INFO - DataPipeline.preparation - [NQ] Iniciando preparación …
2026-07-20 14:44:18,026 - ERROR - DataPipeline.preparation - [NQ] Archivo crudo faltante: /tmp/pytest-of-juan500/pytest-1/test_engineer_features_drops_r0/raw/nq_data_daily.csv. Se omite este dataset.
2026-07-20 14:44:18,048 - INFO - DataPipeline.preparation - [SP500] Iniciando preparación …
2026-07-20 14:44:18,063 - INFO - DataPipeline.preparation - [SP500] Guardado → processed_sp500.csv  (shape (29, 12))
2026-07-20 14:44:18,063 - INFO - DataPipeline.preparation - [NQ] Iniciando preparación …
2026-07-20 14:44:18,064 - ERROR - DataPipeline.preparation - [NQ] Archivo crudo faltante: /tmp/pytest-of-juan500/pytest-1/test_no_outlier_filtering_step0/raw/nq_data_daily.csv. Se omite este dataset.
2026-07-20 14:49:04,994 - INFO - DataPipeline.preparation - [SP500] Iniciando preparación …
2026-07-20 14:49:04,994 - ERROR - DataPipeline.preparation - [SP500] Archivo crudo faltante: /tmp/pytest-of-juan500/pytest-2/test_run_pipeline_missing_raw_0/raw/sp500_data_daily.csv. Se omite este dataset.
2026-07-20 14:49:04,994 - INFO - DataPipeline.preparation - [NQ] Iniciando preparación …
2026-07-20 14:49:04,994 - ERROR - DataPipeline.preparation - [NQ] Archivo crudo faltante: /tmp/pytest-of-juan500/pytest-2/test_run_pipeline_missing_raw_0/raw/nq_data_daily.csv. Se omite este dataset.
2026-07-20 14:49:05,014 - INFO - DataPipeline.preparation - [SP500] Iniciando preparación …
2026-07-20 14:49:05,032 - INFO - DataPipeline.preparation - [SP500] Guardado → processed_sp500.csv  (shape (29, 12))
2026-07-20 14:49:05,032 - INFO - DataPipeline.preparation - [NQ] Iniciando preparación …
2026-07-20 14:49:05,033 - ERROR - DataPipeline.preparation - [NQ] Archivo crudo faltante: /tmp/pytest-of-juan500/pytest-2/test_run_pipeline_produces_pro0/raw/nq_data_daily.csv. Se omite este dataset.
2026-07-20 14:49:05,042 - INFO - DataPipeline.preparation - [SP500] Iniciando preparación …
2026-07-20 14:49:05,056 - INFO - DataPipeline.preparation - [SP500] Guardado → processed_sp500.csv  (shape (29, 12))
2026-07-20 14:49:05,057 - INFO - DataPipeline.preparation - [NQ] Iniciando preparación …
2026-07-20 14:49:05,057 - ERROR - DataPipeline.preparation - [NQ] Archivo crudo faltante: /tmp/pytest-of-juan500/pytest-2/test_engineer_features_drops_r0/raw/nq_data_daily.csv. Se omite este dataset.
2026-07-20 14:50:21,589 - INFO - DataPipeline.preparation - [SP500] Iniciando preparación …
2026-07-20 14:50:21,589 - ERROR - DataPipeline.preparation - [SP500] Archivo crudo faltante: /tmp/pytest-of-juan500/pytest-3/test_run_pipeline_missing_raw_0/raw/sp500_data_daily.csv. Se omite este dataset.
2026-07-20 14:50:21,589 - INFO - DataPipeline.preparation - [NQ] Iniciando preparación …
2026-07-20 14:50:21,589 - ERROR - DataPipeline.preparation - [NQ] Archivo crudo faltante: /tmp/pytest-of-juan500/pytest-3/test_run_pipeline_missing_raw_0/raw/nq_data_daily.csv. Se omite este dataset.
2026-07-20 14:50:21,598 - INFO - DataPipeline.preparation - [SP500] Iniciando preparación …
2026-07-20 14:50:21,617 - INFO - DataPipeline.preparation - [SP500] Guardado → processed_sp500.csv  (shape (29, 12))
2026-07-20 14:50:21,617 - INFO - DataPipeline.preparation - [NQ] Iniciando preparación …
2026-07-20 14:50:21,617 - ERROR - DataPipeline.preparation - [NQ] Archivo crudo faltante: /tmp/pytest-of-juan500/pytest-3/test_run_pipeline_produces_pro0/raw/nq_data_daily.csv. Se omite este dataset.
2026-07-20 14:50:21,625 - INFO - DataPipeline.preparation - [SP500] Iniciando preparación …
2026-07-20 14:50:21,642 - INFO - DataPipeline.preparation - [SP500] Guardado → processed_sp500.csv  (shape (29, 12))
2026-07-20 14:50:21,642 - INFO - DataPipeline.preparation - [NQ] Iniciando preparación …
2026-07-20 14:50:21,642 - ERROR - DataPipeline.preparation - [NQ] Archivo crudo faltante: /tmp/pytest-of-juan500/pytest-3/test_engineer_features_drops_r0/raw/nq_data_daily.csv. Se omite este dataset.
2026-07-20 14:50:21,660 - INFO - DataPipeline.preparation - [SP500] Iniciando preparación …
2026-07-20 14:50:21,674 - INFO - DataPipeline.preparation - [SP500] Guardado → processed_sp500.csv  (shape (29, 12))
2026-07-20 14:50:33,820 - INFO - DataPipeline.preparation - [SP500] Iniciando preparación …
2026-07-20 14:50:33,820 - ERROR - DataPipeline.preparation - [SP500] Archivo crudo faltante: /tmp/pytest-of-juan500/pytest-4/test_run_pipeline_missing_raw_0/raw/sp500_data_daily.csv. Se omite este dataset.
2026-07-20 14:50:33,820 - INFO - DataPipeline.preparation - [NQ] Iniciando preparación …
2026-07-20 14:50:33,820 - ERROR - DataPipeline.preparation - [NQ] Archivo crudo faltante: /tmp/pytest-of-juan500/pytest-4/test_run_pipeline_missing_raw_0/raw/nq_data_daily.csv. Se omite este dataset.
2026-07-20 14:50:33,830 - INFO - DataPipeline.preparation - [SP500] Iniciando preparación …
2026-07-20 14:50:33,849 - INFO - DataPipeline.preparation - [SP500] Guardado → processed_sp500.csv  (shape (29, 12))
2026-07-20 14:50:33,849 - INFO - DataPipeline.preparation - [NQ] Iniciando preparación …
2026-07-20 14:50:33,849 - ERROR - DataPipeline.preparation - [NQ] Archivo crudo faltante: /tmp/pytest-of-juan500/pytest-4/test_run_pipeline_produces_pro0/raw/nq_data_daily.csv. Se omite este dataset.
2026-07-20 14:50:33,858 - INFO - DataPipeline.preparation - [SP500] Iniciando preparación …
2026-07-20 14:50:33,884 - INFO - DataPipeline.preparation - [SP500] Guardado → processed_sp500.csv  (shape (29, 12))
2026-07-20 14:50:33,884 - INFO - DataPipeline.preparation - [NQ] Iniciando preparación …
2026-07-20 14:50:33,884 - ERROR - DataPipeline.preparation - [NQ] Archivo crudo faltante: /tmp/pytest-of-juan500/pytest-4/test_engineer_features_drops_r0/raw/nq_data_daily.csv. Se omite este dataset.
2026-07-20 14:50:33,904 - INFO - DataPipeline.preparation - [SP500] Iniciando preparación …
2026-07-20 14:50:33,922 - INFO - DataPipeline.preparation - [SP500] Guardado → processed_sp500.csv  (shape (29, 12))
2026-07-23 19:24:53,196 - INFO - pipeline.pipeline_manager - Iniciando pipeline de datos …
2026-07-23 19:24:53,288 - INFO - pipeline.extraction - [sp500] Descargando ^GSPC desde 2015-01-01 hasta 2026-07-23 …
2026-07-23 19:25:00,396 - INFO - pipeline.validation - sp500: 110 día(s) hábil(es) sin dato (feriados de mercado u otros no-trading days).
2026-07-23 19:25:01,080 - INFO - pipeline.extraction - [sp500] 2905 fila(s) escritas en raw_ohlc (2015-01-02 → 2026-07-23).
2026-07-23 19:25:01,095 - INFO - pipeline.extraction - [vix] Descargando ^VIX desde 2015-01-01 hasta 2026-07-23 …
2026-07-23 19:25:03,167 - INFO - pipeline.validation - vix: 109 día(s) hábil(es) sin dato (feriados de mercado u otros no-trading days).
2026-07-23 19:25:03,484 - INFO - pipeline.extraction - [vix] 2906 fila(s) escritas en raw_ohlc (2015-01-02 → 2026-07-23).
2026-07-23 19:25:03,492 - INFO - pipeline.extraction - [nq] Descargando ^IXIC desde 2015-01-01 hasta 2026-07-23 …
2026-07-23 19:25:06,556 - INFO - pipeline.validation - nq: 110 día(s) hábil(es) sin dato (feriados de mercado u otros no-trading days).
2026-07-23 19:25:06,880 - INFO - pipeline.extraction - [nq] 2905 fila(s) escritas en raw_ohlc (2015-01-02 → 2026-07-23).
2026-07-23 19:25:06,890 - INFO - pipeline.extraction - [vxn] Descargando ^VXN desde 2015-01-01 hasta 2026-07-23 …
2026-07-23 19:25:08,387 - INFO - pipeline.validation - vxn: 110 día(s) hábil(es) sin dato (feriados de mercado u otros no-trading days).
2026-07-23 19:25:08,780 - INFO - pipeline.extraction - [vxn] 2905 fila(s) escritas en raw_ohlc (2015-01-02 → 2026-07-23).
2026-07-23 19:25:08,791 - INFO - pipeline.preparation - [SP500_VIX] Iniciando preparación …
2026-07-23 19:25:09,868 - INFO - pipeline.preparation - [SP500_VIX] 2895 fila(s) escritas en features (shape (2895, 12)).
2026-07-23 19:25:09,873 - INFO - pipeline.preparation - [NASDAQ_VXN] Iniciando preparación …
2026-07-23 19:25:10,642 - INFO - pipeline.preparation - [NASDAQ_VXN] 2895 fila(s) escritas en features (shape (2895, 12)).
2026-07-23 19:25:10,647 - INFO - pipeline.pipeline_manager - Pares procesados: ['SP500_VIX', 'NASDAQ_VXN']
2026-07-23 19:25:10,648 - INFO - pipeline.pipeline_manager - Pipeline de datos completado exitosamente.
2026-07-23 19:53:40,011 - INFO - pipeline.pipeline_manager - Iniciando pipeline de datos …
2026-07-23 19:53:40,085 - INFO - pipeline.extraction - [sp500] Ya está al día (última fecha 2026-07-23).
2026-07-23 19:53:40,092 - INFO - pipeline.extraction - [vix] Ya está al día (última fecha 2026-07-23).
2026-07-23 19:53:40,097 - INFO - pipeline.extraction - [nq] Ya está al día (última fecha 2026-07-23).
2026-07-23 19:53:40,101 - INFO - pipeline.extraction - [vxn] Ya está al día (última fecha 2026-07-23).
2026-07-23 19:53:40,110 - INFO - pipeline.preparation - [SP500_VIX] Iniciando preparación …
2026-07-23 19:53:40,827 - INFO - pipeline.preparation - [SP500_VIX] 2895 fila(s) escritas en features (shape (2895, 12)).
2026-07-23 19:53:40,834 - INFO - pipeline.preparation - [NASDAQ_VXN] Iniciando preparación …
2026-07-23 19:53:41,535 - INFO - pipeline.preparation - [NASDAQ_VXN] 2895 fila(s) escritas en features (shape (2895, 12)).
2026-07-23 19:53:41,540 - INFO - pipeline.pipeline_manager - Pares procesados: ['SP500_VIX', 'NASDAQ_VXN']
2026-07-23 19:53:41,540 - INFO - pipeline.pipeline_manager - Pipeline de datos completado exitosamente.
2026-07-23 19:56:54,734 - INFO - pipeline.pipeline_manager - Iniciando pipeline de datos …
2026-07-23 19:56:54,807 - INFO - pipeline.extraction - [sp500] Descargando ^GSPC desde 2005-01-01 hasta 2026-07-23 …
2026-07-23 19:57:01,721 - INFO - pipeline.validation - sp500: 202 día(s) hábil(es) sin dato (feriados de mercado u otros no-trading days).
2026-07-23 19:57:03,039 - INFO - pipeline.extraction - [sp500] 5422 fila(s) escritas en raw_ohlc (2005-01-03 → 2026-07-23).
2026-07-23 19:57:03,057 - INFO - pipeline.extraction - [vix] Descargando ^VIX desde 2005-01-01 hasta 2026-07-23 …
2026-07-23 19:57:04,985 - INFO - pipeline.validation - vix: 201 día(s) hábil(es) sin dato (feriados de mercado u otros no-trading days).
2026-07-23 19:57:05,693 - INFO - pipeline.extraction - [vix] 5423 fila(s) escritas en raw_ohlc (2005-01-03 → 2026-07-23).
2026-07-23 19:57:05,702 - INFO - pipeline.extraction - [nq] Descargando ^IXIC desde 2005-01-01 hasta 2026-07-23 …
2026-07-23 19:57:08,744 - INFO - pipeline.validation - nq: 202 día(s) hábil(es) sin dato (feriados de mercado u otros no-trading days).
2026-07-23 19:57:09,507 - INFO - pipeline.extraction - [nq] 5422 fila(s) escritas en raw_ohlc (2005-01-03 → 2026-07-23).
2026-07-23 19:57:09,516 - INFO - pipeline.extraction - [vxn] Descargando ^VXN desde 2005-01-01 hasta 2026-07-23 …
2026-07-23 19:57:10,831 - INFO - pipeline.validation - vxn: 202 día(s) hábil(es) sin dato (feriados de mercado u otros no-trading days).
2026-07-23 19:57:11,564 - INFO - pipeline.extraction - [vxn] 5422 fila(s) escritas en raw_ohlc (2005-01-03 → 2026-07-23).
2026-07-23 19:57:11,575 - INFO - pipeline.preparation - [SP500_VIX] Iniciando preparación …
2026-07-23 19:57:13,741 - INFO - pipeline.preparation - [SP500_VIX] 5412 fila(s) escritas en features (shape (5412, 12)).
2026-07-23 19:57:13,754 - INFO - pipeline.preparation - [NASDAQ_VXN] Iniciando preparación …
2026-07-23 19:57:15,300 - INFO - pipeline.preparation - [NASDAQ_VXN] 5412 fila(s) escritas en features (shape (5412, 12)).
2026-07-23 19:57:15,304 - INFO - pipeline.pipeline_manager - Pares procesados: ['SP500_VIX', 'NASDAQ_VXN']
2026-07-23 19:57:15,305 - INFO - pipeline.pipeline_manager - Pipeline de datos completado exitosamente.
