2026-07-17 17:42:16,730 - INFO - __main__ - No existe metadata de modelo → se requiere reentrenamiento.
2026-07-17 17:42:16,731 - INFO - __main__ - Iniciando pipeline de datos …
2026-07-17 17:42:16,732 - INFO - DataPipeline.extraction - [sp500] Ejecución 2026-07-17T17:42:16 — descargando ^GSPC …
2026-07-17 17:42:20,255 - INFO - DataPipeline.validation - sp500: 202 día(s) hábil(es) sin dato (feriados de mercado u otros no-trading days).
2026-07-17 17:42:20,302 - INFO - DataPipeline.extraction - [sp500] Rango obtenido 2005-01-03 → 2026-07-17  (5,418 filas) → sp500_data_daily.csv
2026-07-17 17:42:20,303 - INFO - DataPipeline.extraction - [nq] Ejecución 2026-07-17T17:42:20 — descargando ^NDX …
2026-07-17 17:42:22,085 - INFO - DataPipeline.validation - nq: 202 día(s) hábil(es) sin dato (feriados de mercado u otros no-trading days).
2026-07-17 17:42:22,116 - INFO - DataPipeline.extraction - [nq] Rango obtenido 2005-01-03 → 2026-07-17  (5,418 filas) → nq_data_daily.csv
2026-07-17 17:42:22,117 - INFO - DataPipeline.extraction - [vix] Ejecución 2026-07-17T17:42:22 — descargando ^VIX …
2026-07-17 17:42:23,943 - INFO - DataPipeline.validation - vix: 201 día(s) hábil(es) sin dato (feriados de mercado u otros no-trading days).
2026-07-17 17:42:23,977 - INFO - DataPipeline.extraction - [vix] Rango obtenido 2005-01-03 → 2026-07-17  (5,419 filas) → vix_data_daily.csv
2026-07-17 17:42:23,977 - INFO - DataPipeline.extraction - [vxn] Ejecución 2026-07-17T17:42:23 — descargando ^VXN …
2026-07-17 17:42:25,988 - INFO - DataPipeline.validation - vxn: 202 día(s) hábil(es) sin dato (feriados de mercado u otros no-trading days).
2026-07-17 17:42:26,021 - INFO - DataPipeline.extraction - [vxn] Rango obtenido 2005-01-03 → 2026-07-17  (5,418 filas) → vxn_data_daily.csv
2026-07-17 17:42:26,022 - INFO - DataPipeline.preparation - [SP500] Iniciando preparación …
2026-07-17 17:42:26,045 - INFO - DataPipeline.preparation - Outliers en vix_high: 5,418 → 5,178 filas
2026-07-17 17:42:26,120 - INFO - DataPipeline.preparation - [SP500] Guardado → processed_sp500.csv  (shape (5167, 12))
2026-07-17 17:42:26,120 - INFO - DataPipeline.preparation - [NQ] Iniciando preparación …
2026-07-17 17:42:26,141 - INFO - DataPipeline.preparation - Outliers en vxn_high: 5,418 → 5,176 filas
2026-07-17 17:42:26,216 - INFO - DataPipeline.preparation - [NQ] Guardado → processed_nq.csv  (shape (5165, 12))
2026-07-17 17:42:26,216 - INFO - __main__ - Datasets preparados: ['sp500', 'nq']
2026-07-17 17:42:26,216 - INFO - __main__ - Pipeline de datos completado exitosamente.
2026-07-18 22:20:50,951 - INFO - __main__ - No existe metadata de modelo → se requiere reentrenamiento.
2026-07-18 22:20:50,951 - INFO - __main__ - Iniciando pipeline de datos …
2026-07-18 22:20:50,952 - INFO - DataPipeline.extraction - [sp500] Ejecución 2026-07-18T22:20:50 — descargando ^GSPC …
2026-07-18 22:20:54,894 - INFO - DataPipeline.validation - sp500: 202 día(s) hábil(es) sin dato (feriados de mercado u otros no-trading days).
2026-07-18 22:20:54,953 - INFO - DataPipeline.extraction - [sp500] Rango obtenido 2005-01-03 → 2026-07-17  (5,418 filas) → sp500_data_daily.csv
2026-07-18 22:20:54,954 - INFO - DataPipeline.extraction - [nq] Ejecución 2026-07-18T22:20:54 — descargando ^NDX …
2026-07-18 22:20:57,037 - INFO - DataPipeline.validation - nq: 202 día(s) hábil(es) sin dato (feriados de mercado u otros no-trading days).
2026-07-18 22:20:57,088 - INFO - DataPipeline.extraction - [nq] Rango obtenido 2005-01-03 → 2026-07-17  (5,418 filas) → nq_data_daily.csv
2026-07-18 22:20:57,089 - INFO - DataPipeline.extraction - [vix] Ejecución 2026-07-18T22:20:57 — descargando ^VIX …
2026-07-18 22:20:59,299 - INFO - DataPipeline.validation - vix: 201 día(s) hábil(es) sin dato (feriados de mercado u otros no-trading days).
2026-07-18 22:20:59,364 - INFO - DataPipeline.extraction - [vix] Rango obtenido 2005-01-03 → 2026-07-17  (5,419 filas) → vix_data_daily.csv
2026-07-18 22:20:59,365 - INFO - DataPipeline.extraction - [vxn] Ejecución 2026-07-18T22:20:59 — descargando ^VXN …
2026-07-18 22:21:01,354 - INFO - DataPipeline.validation - vxn: 202 día(s) hábil(es) sin dato (feriados de mercado u otros no-trading days).
2026-07-18 22:21:01,419 - INFO - DataPipeline.extraction - [vxn] Rango obtenido 2005-01-03 → 2026-07-17  (5,418 filas) → vxn_data_daily.csv
2026-07-18 22:21:01,420 - INFO - DataPipeline.preparation - [SP500] Iniciando preparación …
2026-07-18 22:21:01,438 - INFO - DataPipeline.preparation - Filtro de outliers desactivado. Pasando toda la data cruda al pipeline.
2026-07-18 22:21:01,522 - INFO - DataPipeline.preparation - [SP500] Guardado → processed_sp500.csv  (shape (5407, 12))
2026-07-18 22:21:01,522 - INFO - DataPipeline.preparation - [NQ] Iniciando preparación …
2026-07-18 22:21:01,539 - INFO - DataPipeline.preparation - Filtro de outliers desactivado. Pasando toda la data cruda al pipeline.
2026-07-18 22:21:01,622 - INFO - DataPipeline.preparation - [NQ] Guardado → processed_nq.csv  (shape (5407, 12))
2026-07-18 22:21:01,622 - INFO - __main__ - Datasets preparados: ['sp500', 'nq']
2026-07-18 22:21:01,622 - INFO - __main__ - Pipeline de datos completado exitosamente.
2026-07-20 13:04:57,308 - INFO - __main__ - No existe metadata de modelo → se requiere reentrenamiento.
2026-07-20 13:04:57,309 - INFO - __main__ - Iniciando pipeline de datos …
2026-07-20 13:04:57,310 - INFO - DataPipeline.extraction - [sp500] Ejecución 2026-07-20T13:04:57 — descargando ^GSPC …
2026-07-20 13:05:00,321 - INFO - DataPipeline.validation - sp500: 202 día(s) hábil(es) sin dato (feriados de mercado u otros no-trading days).
2026-07-20 13:05:00,392 - INFO - DataPipeline.extraction - [sp500] Rango obtenido 2005-01-03 → 2026-07-20  (5,419 filas) → sp500_data_daily.csv
2026-07-20 13:05:00,392 - INFO - DataPipeline.extraction - [nq] Ejecución 2026-07-20T13:05:00 — descargando ^NDX …
2026-07-20 13:05:02,169 - INFO - DataPipeline.validation - nq: 202 día(s) hábil(es) sin dato (feriados de mercado u otros no-trading days).
2026-07-20 13:05:02,236 - INFO - DataPipeline.extraction - [nq] Rango obtenido 2005-01-03 → 2026-07-20  (5,419 filas) → nq_data_daily.csv
2026-07-20 13:05:02,237 - INFO - DataPipeline.extraction - [vix] Ejecución 2026-07-20T13:05:02 — descargando ^VIX …
2026-07-20 13:05:04,306 - INFO - DataPipeline.validation - vix: 201 día(s) hábil(es) sin dato (feriados de mercado u otros no-trading days).
2026-07-20 13:05:04,375 - INFO - DataPipeline.extraction - [vix] Rango obtenido 2005-01-03 → 2026-07-20  (5,420 filas) → vix_data_daily.csv
2026-07-20 13:05:04,375 - INFO - DataPipeline.extraction - [vxn] Ejecución 2026-07-20T13:05:04 — descargando ^VXN …
2026-07-20 13:05:06,453 - INFO - DataPipeline.validation - vxn: 202 día(s) hábil(es) sin dato (feriados de mercado u otros no-trading days).
2026-07-20 13:05:06,522 - INFO - DataPipeline.extraction - [vxn] Rango obtenido 2005-01-03 → 2026-07-20  (5,419 filas) → vxn_data_daily.csv
2026-07-20 13:05:06,523 - INFO - DataPipeline.preparation - [SP500] Iniciando preparación …
2026-07-20 13:05:06,629 - INFO - DataPipeline.preparation - [SP500] Guardado → processed_sp500.csv  (shape (5408, 12))
2026-07-20 13:05:06,630 - INFO - DataPipeline.preparation - [NQ] Iniciando preparación …
2026-07-20 13:05:06,744 - INFO - DataPipeline.preparation - [NQ] Guardado → processed_nq.csv  (shape (5408, 12))
2026-07-20 13:05:06,744 - INFO - __main__ - Datasets preparados: ['sp500', 'nq']
2026-07-20 13:05:06,744 - INFO - __main__ - Pipeline de datos completado exitosamente.
